<?xml version="1.0" encoding="UTF-8"?>
<!-- Generated by org.testng.reporters.JUnitReportReporter -->
<testsuite hostname="Selenium-W2A" name="demo.DialingaNumberTest" tests="1" failures="0" timestamp="26 Jun 2015 11:11:29 GMT" time="40.449" errors="0">
  <testcase name="dialNumber" time="40.449" classname="demo.DialingaNumberTest"/>
</testsuite> <!-- demo.DialingaNumberTest -->
