<?xml version="1.0" encoding="UTF-8"?>
<!-- Generated by org.testng.reporters.JUnitReportReporter -->
<testsuite hostname="Selenium-W2A" name="demo.TestBuild" tests="1" failures="0" timestamp="24 Jun 2015 15:51:42 GMT" time="10.214" errors="0">
  <testcase name="doLogin" time="10.214" classname="demo.TestBuild"/>
</testsuite> <!-- demo.TestBuild -->
